<?xml version="1.0" encoding="UTF-8"?>
<!-- Generated by org.testng.reporters.JUnitReportReporter -->
<testsuite skipped="0" hostname="Riaz" name="Capstone.AutomationPractice10.TextVerification" tests="4" failures="0" timestamp="2024-09-14T11:19:32 EDT" time="78.468" errors="0">
  <testcase name="signin" time="14.833" classname="Capstone.AutomationPractice10.TextVerification"/>
  <system-out/>
  <testcase name="signin" time="15.338" classname="Capstone.AutomationPractice10.TextVerification"/>
  <system-out/>
  <testcase name="f" time="24.116" classname="Capstone.AutomationPractice10.TextVerification"/>
  <system-out/>
  <testcase name="f" time="24.181" classname="Capstone.AutomationPractice10.TextVerification"/>
  <system-out/>
</testsuite> <!-- Capstone.AutomationPractice10.TextVerification -->
