<?xml version="1.0" encoding="UTF-8"?>
<!-- Generated by org.testng.reporters.JUnitReportReporter -->
<testsuite skipped="0" hostname="Riaz" name="Capstone.AutomationPractice10.Points" tests="6" failures="0" timestamp="2024-09-16T12:17:08 EDT" time="94.538" errors="0">
  <testcase name="f" time="15.286" classname="Capstone.AutomationPractice10.Points"/>
  <system-out/>
  <testcase name="f" time="16.997" classname="Capstone.AutomationPractice10.Points"/>
  <system-out/>
  <testcase name="f" time="16.880" classname="Capstone.AutomationPractice10.Points"/>
  <system-out/>
  <testcase name="f" time="14.815" classname="Capstone.AutomationPractice10.Points"/>
  <system-out/>
  <testcase name="f" time="15.500" classname="Capstone.AutomationPractice10.Points"/>
  <system-out/>
  <testcase name="f" time="15.060" classname="Capstone.AutomationPractice10.Points"/>
  <system-out/>
</testsuite> <!-- Capstone.AutomationPractice10.Points -->
