<?xml version="1.0" encoding="UTF-8"?>
<!-- Generated by org.testng.reporters.JUnitReportReporter -->
<testsuite skipped="0" hostname="Riaz" name="Capstone.AutomationPractice10.TestNGAnnotations" tests="2" failures="0" timestamp="2024-09-08T12:43:25 EDT" time="0.004" errors="0">
  <testcase name="f6" time="0.000" classname="Capstone.AutomationPractice10.TestNGAnnotations"/>
  <system-out/>
  <testcase name="f" time="0.004" classname="Capstone.AutomationPractice10.TestNGAnnotations"/>
  <system-out/>
</testsuite> <!-- Capstone.AutomationPractice10.TestNGAnnotations -->
