<?xml version="1.0" encoding="UTF-8"?>
<!-- Generated by org.testng.reporters.JUnitReportReporter -->
<testsuite skipped="0" hostname="Riaz" name="Capstone.AutomationPractice10.Property" tests="2" failures="0" timestamp="2024-09-16T14:43:35 EDT" time="32.602" errors="0">
  <testcase name="f" time="16.363" classname="Capstone.AutomationPractice10.Property"/>
  <system-out/>
  <testcase name="f" time="16.239" classname="Capstone.AutomationPractice10.Property"/>
  <system-out/>
</testsuite> <!-- Capstone.AutomationPractice10.Property -->
