<?xml version="1.0" encoding="UTF-8"?>
<!-- Generated by org.testng.reporters.JUnitReportReporter -->
<testsuite skipped="0" hostname="Riaz" name="Capstone.AutomationPractice10.SignToAmazon" tests="2" failures="0" timestamp="2024-09-14T11:19:32 EDT" time="31.687" errors="0">
  <testcase name="f" time="15.948" classname="Capstone.AutomationPractice10.SignToAmazon"/>
  <system-out/>
  <testcase name="f" time="15.739" classname="Capstone.AutomationPractice10.SignToAmazon"/>
  <system-out/>
</testsuite> <!-- Capstone.AutomationPractice10.SignToAmazon -->
